1728489162.187128 client started (17035): version 3.4, socket /run/user/1000/tmux-1000/default, protocol 8
1728489162.187164 on Linux 6.6.52 #1-NixOS SMP PREEMPT_DYNAMIC Wed Sep 18 17:24:10 UTC 2024
1728489162.187169 using libevent 2.1.12-stable poll
1728489162.187180 using utf8proc 2.9.0
1728489162.187183 using ncurses 6.4 20221231
1728489162.187203 flags are 0x10010000
1728489162.187222 socket is /run/user/1000/tmux-1000/default
1728489162.187238 trying connect
1728489162.187333 add peer 0x31bb2250: 6 ((nil))
1728489162.187707 sending message 100 to peer 0x31bb2250 (4 bytes)
1728489162.187721 sending message 111 to peer 0x31bb2250 (8 bytes)
1728489162.187726 sending message 101 to peer 0x31bb2250 (16 bytes)
1728489162.187730 sending message 109 to peer 0x31bb2250 (4 bytes)
1728489162.187733 sending message 102 to peer 0x31bb2250 (11 bytes)
1728489162.187737 sending message 108 to peer 0x31bb2250 (22 bytes)
1728489162.187741 sending message 112 to peer 0x31bb2250 (70 bytes)
1728489162.187744 sending message 112 to peer 0x31bb2250 (5 bytes)
1728489162.187748 sending message 112 to peer 0x31bb2250 (5 bytes)
1728489162.187752 sending message 112 to peer 0x31bb2250 (6 bytes)
1728489162.187755 sending message 112 to peer 0x31bb2250 (6 bytes)
1728489162.187759 sending message 112 to peer 0x31bb2250 (11 bytes)
1728489162.187762 sending message 112 to peer 0x31bb2250 (10 bytes)
1728489162.187766 sending message 112 to peer 0x31bb2250 (13 bytes)
1728489162.187770 sending message 112 to peer 0x31bb2250 (13 bytes)
1728489162.187773 sending message 112 to peer 0x31bb2250 (18 bytes)
1728489162.187777 sending message 112 to peer 0x31bb2250 (11 bytes)
1728489162.187780 sending message 112 to peer 0x31bb2250 (21 bytes)
1728489162.187784 sending message 112 to peer 0x31bb2250 (13 bytes)
1728489162.187787 sending message 112 to peer 0x31bb2250 (7 bytes)
1728489162.187791 sending message 112 to peer 0x31bb2250 (13 bytes)
1728489162.187794 sending message 112 to peer 0x31bb2250 (7 bytes)
1728489162.187798 sending message 112 to peer 0x31bb2250 (13 bytes)
1728489162.187801 sending message 112 to peer 0x31bb2250 (9 bytes)
1728489162.187805 sending message 112 to peer 0x31bb2250 (21 bytes)
1728489162.187808 sending message 112 to peer 0x31bb2250 (13 bytes)
1728489162.187812 sending message 112 to peer 0x31bb2250 (8 bytes)
1728489162.187814 sending message 112 to peer 0x31bb2250 (12 bytes)
1728489162.187815 sending message 112 to peer 0x31bb2250 (13 bytes)
1728489162.187816 sending message 112 to peer 0x31bb2250 (9 bytes)
1728489162.187817 sending message 112 to peer 0x31bb2250 (9 bytes)
1728489162.187818 sending message 112 to peer 0x31bb2250 (12 bytes)
1728489162.187819 sending message 112 to peer 0x31bb2250 (8 bytes)
1728489162.187820 sending message 112 to peer 0x31bb2250 (7 bytes)
1728489162.187821 sending message 112 to peer 0x31bb2250 (7 bytes)
1728489162.187822 sending message 112 to peer 0x31bb2250 (9 bytes)
1728489162.187824 sending message 112 to peer 0x31bb2250 (13 bytes)
1728489162.187825 sending message 112 to peer 0x31bb2250 (9 bytes)
1728489162.187826 sending message 112 to peer 0x31bb2250 (15 bytes)
1728489162.187827 sending message 112 to peer 0x31bb2250 (13 bytes)
1728489162.187828 sending message 112 to peer 0x31bb2250 (12 bytes)
1728489162.187829 sending message 112 to peer 0x31bb2250 (8 bytes)
1728489162.187830 sending message 112 to peer 0x31bb2250 (14 bytes)
1728489162.187831 sending message 112 to peer 0x31bb2250 (9 bytes)
1728489162.187832 sending message 112 to peer 0x31bb2250 (10 bytes)
1728489162.187833 sending message 112 to peer 0x31bb2250 (10 bytes)
1728489162.187834 sending message 112 to peer 0x31bb2250 (10 bytes)
1728489162.187835 sending message 112 to peer 0x31bb2250 (10 bytes)
1728489162.187836 sending message 112 to peer 0x31bb2250 (11 bytes)
1728489162.187837 sending message 112 to peer 0x31bb2250 (10 bytes)
1728489162.187838 sending message 112 to peer 0x31bb2250 (8 bytes)
1728489162.187839 sending message 112 to peer 0x31bb2250 (11 bytes)
1728489162.187840 sending message 112 to peer 0x31bb2250 (11 bytes)
1728489162.187845 sending message 112 to peer 0x31bb2250 (11 bytes)
1728489162.187846 sending message 112 to peer 0x31bb2250 (8 bytes)
1728489162.187847 sending message 112 to peer 0x31bb2250 (8 bytes)
1728489162.187848 sending message 112 to peer 0x31bb2250 (8 bytes)
1728489162.187849 sending message 112 to peer 0x31bb2250 (10 bytes)
1728489162.187850 sending message 112 to peer 0x31bb2250 (10 bytes)
1728489162.187851 sending message 112 to peer 0x31bb2250 (10 bytes)
1728489162.187852 sending message 112 to peer 0x31bb2250 (10 bytes)
1728489162.187854 sending message 112 to peer 0x31bb2250 (10 bytes)
1728489162.187855 sending message 112 to peer 0x31bb2250 (11 bytes)
1728489162.187856 sending message 112 to peer 0x31bb2250 (11 bytes)
1728489162.187857 sending message 112 to peer 0x31bb2250 (10 bytes)
1728489162.187858 sending message 112 to peer 0x31bb2250 (9 bytes)
1728489162.187859 sending message 112 to peer 0x31bb2250 (9 bytes)
1728489162.187860 sending message 112 to peer 0x31bb2250 (12 bytes)
1728489162.187861 sending message 112 to peer 0x31bb2250 (9 bytes)
1728489162.187862 sending message 112 to peer 0x31bb2250 (6 bytes)
1728489162.187863 sending message 112 to peer 0x31bb2250 (13 bytes)
1728489162.187864 sending message 112 to peer 0x31bb2250 (8 bytes)
1728489162.187865 sending message 112 to peer 0x31bb2250 (15 bytes)
1728489162.187866 sending message 112 to peer 0x31bb2250 (13 bytes)
1728489162.187867 sending message 112 to peer 0x31bb2250 (70 bytes)
1728489162.187868 sending message 112 to peer 0x31bb2250 (69 bytes)
1728489162.187869 sending message 112 to peer 0x31bb2250 (10 bytes)
1728489162.187871 sending message 112 to peer 0x31bb2250 (8 bytes)
1728489162.187872 sending message 112 to peer 0x31bb2250 (15 bytes)
1728489162.187873 sending message 112 to peer 0x31bb2250 (13 bytes)
1728489162.187874 sending message 112 to peer 0x31bb2250 (10 bytes)
1728489162.187875 sending message 112 to peer 0x31bb2250 (10 bytes)
1728489162.187876 sending message 112 to peer 0x31bb2250 (5 bytes)
1728489162.187877 sending message 112 to peer 0x31bb2250 (15 bytes)
1728489162.187878 sending message 104 to peer 0x31bb2250 (0 bytes)
1728489162.187879 sending message 110 to peer 0x31bb2250 (0 bytes)
1728489162.187881 sending message 107 to peer 0x31bb2250 (4 bytes)
1728489162.187882 sending message 105 to peer 0x31bb2250 (20 bytes)
1728489162.187883 sending message 105 to peer 0x31bb2250 (79 bytes)
1728489162.187884 sending message 105 to peer 0x31bb2250 (54 bytes)
1728489162.187885 sending message 105 to peer 0x31bb2250 (70 bytes)
1728489162.187886 sending message 105 to peer 0x31bb2250 (25 bytes)
1728489162.187887 sending message 105 to peer 0x31bb2250 (11 bytes)
1728489162.187888 sending message 105 to peer 0x31bb2250 (12 bytes)
1728489162.187889 sending message 105 to peer 0x31bb2250 (122 bytes)
1728489162.187890 sending message 105 to peer 0x31bb2250 (20 bytes)
1728489162.187892 sending message 105 to peer 0x31bb2250 (712 bytes)
1728489162.187893 sending message 105 to peer 0x31bb2250 (163 bytes)
1728489162.187894 sending message 105 to peer 0x31bb2250 (35 bytes)
1728489162.187896 sending message 105 to peer 0x31bb2250 (2848 bytes)
1728489162.187904 sending message 105 to peer 0x31bb2250 (44 bytes)
1728489162.187905 sending message 105 to peer 0x31bb2250 (106 bytes)
1728489162.187906 sending message 105 to peer 0x31bb2250 (696 bytes)
1728489162.187907 sending message 105 to peer 0x31bb2250 (17 bytes)
1728489162.187908 sending message 105 to peer 0x31bb2250 (419 bytes)
1728489162.187909 sending message 105 to peer 0x31bb2250 (22 bytes)
1728489162.187911 sending message 105 to peer 0x31bb2250 (17 bytes)
1728489162.187912 sending message 105 to peer 0x31bb2250 (23 bytes)
1728489162.187913 sending message 105 to peer 0x31bb2250 (30 bytes)
1728489162.187914 sending message 105 to peer 0x31bb2250 (27 bytes)
1728489162.187915 sending message 105 to peer 0x31bb2250 (24 bytes)
1728489162.187916 sending message 105 to peer 0x31bb2250 (20 bytes)
1728489162.187917 sending message 105 to peer 0x31bb2250 (23 bytes)
1728489162.187918 sending message 105 to peer 0x31bb2250 (21 bytes)
1728489162.187921 sending message 105 to peer 0x31bb2250 (25 bytes)
1728489162.187922 sending message 105 to peer 0x31bb2250 (20 bytes)
1728489162.187923 sending message 105 to peer 0x31bb2250 (8 bytes)
1728489162.187924 sending message 105 to peer 0x31bb2250 (72 bytes)
1728489162.187925 sending message 105 to peer 0x31bb2250 (87 bytes)
1728489162.187926 sending message 105 to peer 0x31bb2250 (218 bytes)
1728489162.187927 sending message 105 to peer 0x31bb2250 (64 bytes)
1728489162.187929 sending message 105 to peer 0x31bb2250 (14 bytes)
1728489162.187930 sending message 105 to peer 0x31bb2250 (32 bytes)
1728489162.187931 sending message 105 to peer 0x31bb2250 (1905 bytes)
1728489162.187933 sending message 105 to peer 0x31bb2250 (43 bytes)
1728489162.187934 sending message 105 to peer 0x31bb2250 (168 bytes)
1728489162.187935 sending message 105 to peer 0x31bb2250 (76 bytes)
1728489162.187936 sending message 105 to peer 0x31bb2250 (170 bytes)
1728489162.187937 sending message 105 to peer 0x31bb2250 (58 bytes)
1728489162.187938 sending message 105 to peer 0x31bb2250 (83 bytes)
1728489162.187940 sending message 105 to peer 0x31bb2250 (29 bytes)
1728489162.187941 sending message 105 to peer 0x31bb2250 (12 bytes)
1728489162.187942 sending message 105 to peer 0x31bb2250 (11 bytes)
1728489162.187943 sending message 105 to peer 0x31bb2250 (204 bytes)
1728489162.187944 sending message 105 to peer 0x31bb2250 (26 bytes)
1728489162.187945 sending message 105 to peer 0x31bb2250 (523 bytes)
1728489162.187946 sending message 105 to peer 0x31bb2250 (304 bytes)
1728489162.187948 sending message 105 to peer 0x31bb2250 (569 bytes)
1728489162.187949 sending message 105 to peer 0x31bb2250 (26 bytes)
1728489162.187950 sending message 105 to peer 0x31bb2250 (23 bytes)
1728489162.187951 sending message 105 to peer 0x31bb2250 (80 bytes)
1728489162.187952 sending message 105 to peer 0x31bb2250 (37 bytes)
1728489162.187953 sending message 105 to peer 0x31bb2250 (8 bytes)
1728489162.187954 sending message 105 to peer 0x31bb2250 (104 bytes)
1728489162.187956 sending message 105 to peer 0x31bb2250 (41 bytes)
1728489162.187957 sending message 105 to peer 0x31bb2250 (21 bytes)
1728489162.187958 sending message 105 to peer 0x31bb2250 (261 bytes)
1728489162.187959 sending message 105 to peer 0x31bb2250 (18 bytes)
1728489162.187960 sending message 105 to peer 0x31bb2250 (25 bytes)
1728489162.187961 sending message 105 to peer 0x31bb2250 (46 bytes)
1728489162.187962 sending message 105 to peer 0x31bb2250 (13 bytes)
1728489162.187964 sending message 105 to peer 0x31bb2250 (52 bytes)
1728489162.187965 sending message 105 to peer 0x31bb2250 (27 bytes)
1728489162.187966 sending message 105 to peer 0x31bb2250 (20 bytes)
1728489162.187967 sending message 105 to peer 0x31bb2250 (11 bytes)
1728489162.187968 sending message 105 to peer 0x31bb2250 (31 bytes)
1728489162.187969 sending message 105 to peer 0x31bb2250 (45 bytes)
1728489162.187970 sending message 105 to peer 0x31bb2250 (112 bytes)
1728489162.187971 sending message 105 to peer 0x31bb2250 (104 bytes)
1728489162.187972 sending message 105 to peer 0x31bb2250 (15 bytes)
1728489162.187974 sending message 105 to peer 0x31bb2250 (57 bytes)
1728489162.187975 sending message 105 to peer 0x31bb2250 (35 bytes)
1728489162.187976 sending message 105 to peer 0x31bb2250 (533 bytes)
1728489162.187977 sending message 105 to peer 0x31bb2250 (396 bytes)
1728489162.187978 sending message 105 to peer 0x31bb2250 (31 bytes)
1728489162.187980 sending message 105 to peer 0x31bb2250 (4600 bytes)
1728489162.187982 sending message 105 to peer 0x31bb2250 (49 bytes)
1728489162.187983 sending message 105 to peer 0x31bb2250 (31 bytes)
1728489162.187984 sending message 105 to peer 0x31bb2250 (15 bytes)
1728489162.187985 sending message 105 to peer 0x31bb2250 (52 bytes)
1728489162.187986 sending message 105 to peer 0x31bb2250 (23 bytes)
1728489162.187987 sending message 105 to peer 0x31bb2250 (29 bytes)
1728489162.187988 sending message 105 to peer 0x31bb2250 (17 bytes)
1728489162.187989 sending message 105 to peer 0x31bb2250 (58 bytes)
1728489162.187992 sending message 105 to peer 0x31bb2250 (21 bytes)
1728489162.187993 sending message 105 to peer 0x31bb2250 (11 bytes)
1728489162.187994 sending message 105 to peer 0x31bb2250 (27 bytes)
1728489162.187995 sending message 105 to peer 0x31bb2250 (37 bytes)
1728489162.187996 sending message 105 to peer 0x31bb2250 (34 bytes)
1728489162.187997 sending message 105 to peer 0x31bb2250 (24 bytes)
1728489162.187998 sending message 105 to peer 0x31bb2250 (20 bytes)
1728489162.187999 sending message 105 to peer 0x31bb2250 (21 bytes)
1728489162.188000 sending message 105 to peer 0x31bb2250 (31 bytes)
1728489162.188001 sending message 105 to peer 0x31bb2250 (10 bytes)
1728489162.188002 sending message 106 to peer 0x31bb2250 (0 bytes)
1728489162.188026 sending message 200 to peer 0x31bb2250 (4 bytes)
1728489162.188027 client loop enter
1728489162.189270 peer 0x31bb2250 message 303
1728489162.189275 open write file 2 -
1728489162.189280 sending message 305 to peer 0x31bb2250 (8 bytes)
1728489162.189285 write check file 2
1728489162.189354 peer 0x31bb2250 message 304
1728489162.189356 write 58 to file 2
1728489162.189359 peer 0x31bb2250 message 203
1728489162.189361 file 2 58 bytes left
1728489162.189367 write check file 2
1728489162.189369 client loop exit
